[2023-06-24 13:11:28,848: INFO: main: >>>>>> stage Data Ingestion stage started <<<<<<]
[2023-06-24 13:11:28,854: INFO: common: yaml file: config\config.yaml loaded successfully]
[2023-06-24 13:11:28,855: INFO: common: yaml file: params.yaml loaded successfully]
[2023-06-24 13:11:28,857: INFO: common: created directory at: artifacts]
[2023-06-24 13:11:28,858: INFO: common: created directory at: artifacts/data_ingestion]
[2023-06-24 13:11:30,327: INFO: data_ingestion: artifacts/data_ingestion/data.zip download! with following info: 
Connection: close
Content-Length: 7903594
Cache-Control: max-age=300
Content-Security-Policy: default-src 'none'; style-src 'unsafe-inline'; sandbox
Content-Type: application/zip
ETag: "dbc016a060da18070593b83afff580c9b300f0b6ea4147a7988433e04df246ca"
Strict-Transport-Security: max-age=31536000
X-Content-Type-Options: nosniff
X-Frame-Options: deny
X-XSS-Protection: 1; mode=block
X-GitHub-Request-Id: EECA:23D5:180628:21FB44:64969856
Accept-Ranges: bytes
Date: Sat, 24 Jun 2023 07:41:29 GMT
Via: 1.1 varnish
X-Served-By: cache-del21736-DEL
X-Cache: HIT
X-Cache-Hits: 0
X-Timer: S1687592489.037462,VS0,VE317
Vary: Authorization,Accept-Encoding,Origin
Access-Control-Allow-Origin: *
Cross-Origin-Resource-Policy: cross-origin
X-Fastly-Request-ID: 47cba7e699461203af31877015ea512e40b3d1ea
Expires: Sat, 24 Jun 2023 07:46:29 GMT
Source-Age: 0

]
[2023-06-24 13:11:30,610: INFO: main: >>>>>> stage Data Ingestion stage completed <<<<<<

x==========x]
